<?xml version="1.0" encoding="utf-8"?><testsuites name="pytest tests"><testsuite name="pytest" errors="0" failures="0" skipped="0" tests="62" time="0.764" timestamp="2026-08-08T17:33:23.869147+02:00" hostname="nvidia"><testcase classname="tests.test_architecture_contract.ArchitectureContractTests" name="test_all_manifest_routes_are_logical_ifuri_not_transport_uris" time="0.011" /><testcase classname="tests.test_architecture_contract.ArchitectureContractTests" name="test_compose_contains_real_fabric_and_authoritative_store" time="0.013" /><testcase classname="tests.test_architecture_contract.ArchitectureContractTests" name="test_domain_code_does_not_call_llm_client_directly" time="0.373" /><testcase classname="tests.test_architecture_contract.ArchitectureContractTests" name="test_no_grpc_foundation_dependency" time="0.001" /><testcase classname="tests.test_architecture_contract.ArchitectureContractTests" name="test_python_project_has_installable_package_metadata" time="0.001" /><testcase classname="tests.test_contextdsl.ContextDslTests" name="test_boundary_rejects_raw_prose" time="0.001" /><testcase classname="tests.test_contextdsl.ContextDslTests" name="test_capability_validation_rejects_invented_action" time="0.001" /><testcase classname="tests.test_contextdsl.ContextDslTests" name="test_context_analysis_bundle_contains_only_dsl_blocks" time="0.001" /><testcase classname="tests.test_contextdsl.ContextDslTests" name="test_demo_analysis_uses_contextdsl_and_returns_valid_intent" time="0.002" /><testcase classname="tests.test_contextdsl.ContextDslTests" name="test_legacy_log_adapter_is_lossy_and_hides_raw_line" time="0.001" /><testcase classname="tests.test_contextdsl.ContextDslTests" name="test_preferred_semantic_event_is_dsl_native" time="0.000" /><testcase classname="tests.test_contextdsl.ContextDslTests" name="test_runtime_payload_compiles_to_contextdsl" time="0.001" /><testcase classname="tests.test_contextdsl.ContextDslTests" name="test_source_text_is_wrapped_before_llm_boundary" time="0.000" /><testcase classname="tests.test_digital_twin.DigitalTwinTests" name="test_bootstrap_bundle_is_dsl_only_and_contains_runtime_fingerprint" time="0.001" /><testcase classname="tests.test_digital_twin.DigitalTwinTests" name="test_build_plan_is_derived_from_current_twin" time="0.002" /><testcase classname="tests.test_digital_twin.DigitalTwinTests" name="test_demo_bootstrap_creates_valid_twin" time="0.001" /><testcase classname="tests.test_digital_twin.DigitalTwinTests" name="test_demo_update_preserves_intent_and_adds_source_provenance" time="0.004" /><testcase classname="tests.test_digital_twin.DigitalTwinTests" name="test_existing_source_document_may_advance_to_new_digest" time="0.005" /><testcase classname="tests.test_digital_twin.DigitalTwinTests" name="test_markdown_sources_compile_to_sourceindexdsl" time="0.001" /><testcase classname="tests.test_digital_twin.DigitalTwinTests" name="test_source_ids_are_stable_when_new_files_are_added" time="0.001" /><testcase classname="tests.test_digital_twin.DigitalTwinTests" name="test_store_persists_revision_history" time="0.002" /><testcase classname="tests.test_evolution.EvolutionDslTests" name="test_agent_applies_verified_patch" time="0.012" /><testcase classname="tests.test_evolution.EvolutionDslTests" name="test_agent_rolls_back_failed_patch" time="0.010" /><testcase classname="tests.test_evolution.EvolutionDslTests" name="test_authority_and_process_pack_cannot_cross_patchdsl" time="0.001" /><testcase classname="tests.test_evolution.EvolutionDslTests" name="test_authority_view_is_read_only_and_system_bound" time="0.001" /><testcase classname="tests.test_evolution.EvolutionDslTests" name="test_autonomous_bundle_carries_testql_failure_as_typed_dsl" time="0.002" /><testcase classname="tests.test_evolution.EvolutionDslTests" name="test_autonomous_bundle_contains_only_typed_dsl" time="0.002" /><testcase classname="tests.test_evolution.EvolutionDslTests" name="test_diagnostic_catalog_extracts_specific_code_and_solution" time="0.000" /><testcase classname="tests.test_evolution.EvolutionDslTests" name="test_envelope_binds_proposal_authority_and_receipt" time="0.001" /><testcase classname="tests.test_evolution.EvolutionDslTests" name="test_main_ui_embeds_read_only_dsl_dashboard_and_log_links" time="0.000" /><testcase classname="tests.test_evolution.EvolutionDslTests" name="test_patch_parser_accepts_safe_block_alias_from_provider" time="0.001" /><testcase classname="tests.test_evolution.EvolutionDslTests" name="test_patch_parser_and_policy_require_current_hash" time="0.001" /><testcase classname="tests.test_evolution.EvolutionDslTests" name="test_policy_rate_limit_is_deferred_without_calling_llm" time="0.003" /><testcase classname="tests.test_evolution.EvolutionDslTests" name="test_repair_bundle_carries_typed_diagnostic_solution" time="0.001" /><testcase classname="tests.test_evolution.EvolutionDslTests" name="test_secret_rotation_uses_opaque_preaccepted_reference" time="0.001" /><testcase classname="tests.test_evolution.EvolutionDslTests" name="test_store_persists_guidance_incident_and_events_as_dsl" time="0.002" /><testcase classname="tests.test_evolution.EvolutionDslTests" name="test_subactor_contract_authorizes_oql_and_system_uri_together" time="0.001" /><testcase classname="tests.test_evolution.EvolutionDslTests" name="test_testql_failure_is_persistable_dsl_and_twin_observation" time="0.001" /><testcase classname="tests.test_ifuri_core.IfUriTests" name="test_canonical_uri_and_nats_subject" time="0.000" /><testcase classname="tests.test_ifuri_core.IfUriTests" name="test_uri_forbids_transport_location_features" time="0.000" /><testcase classname="tests.test_ifuri_core.ManifestTests" name="test_ambiguous_patterns_fail_closed" time="0.012" /><testcase classname="tests.test_ifuri_core.ManifestTests" name="test_resolver_is_deterministic_and_inspectable" time="0.011" /><testcase classname="tests.test_ifuri_core.EnvelopeTests" name="test_kind_must_match_target_uri" time="0.001" /><testcase classname="tests.test_ifuri_core.EnvelopeTests" name="test_protobuf_roundtrip_with_typed_payload" time="0.001" /><testcase classname="tests.test_ifuri_core.RuntimeTests" name="test_llm_is_only_reachable_as_dsl_capability" time="0.015" /><testcase classname="tests.test_ifuri_core.RuntimeTests" name="test_manifest_transport_fallback" time="0.016" /><testcase classname="tests.test_ifuri_core.EventStoreTests" name="test_event_and_outbox_commit_atomically" time="0.002" /><testcase classname="tests.test_ifuri_core.EventStoreTests" name="test_optimistic_concurrency" time="0.001" /><testcase classname="tests.test_ifuri_core.ArtifactTests" name="test_logical_artifact_uri_maps_to_file_placement" time="0.002" /><testcase classname="tests.test_intentdsl.IntentDslTests" name="test_codegen_all_targets" time="0.001" /><testcase classname="tests.test_intentdsl.IntentDslTests" name="test_demo_converter_outputs_valid_dsl" time="0.001" /><testcase classname="tests.test_intentdsl.IntentDslTests" name="test_parse_and_validate" time="0.001" /><testcase classname="tests.test_intentdsl.IntentDslTests" name="test_runtime_is_proactive" time="0.001" /><testcase classname="tests.test_intentdsl.IntentDslTests" name="test_unknown_symbol_rejected" time="0.001" /><testcase classname="tests.test_multiruntime.MultiRuntimeParityTests" name="test_python_node_php_subject_parity" time="0.068" /><testcase classname="tests.test_nats_transport.NatsWireTests" name="test_capability_pattern_maps_to_nats_wildcard" time="0.003" /><testcase classname="tests.test_nats_transport.NatsWireTests" name="test_core_request_reply_wire_protocol" time="0.010" /><testcase classname="tests.test_openrouter.OpenRouterTests" name="test_env_example_exposes_openrouter_configuration_without_secret" time="0.001" /><testcase classname="tests.test_openrouter.OpenRouterTests" name="test_openrouter_provider_reads_dedicated_key_and_endpoint" time="0.001" /><testcase classname="tests.test_openrouter.OpenRouterTests" name="test_openrouter_repair_loop_never_feeds_rejected_raw_output_back" time="0.002" /><testcase classname="tests.test_openrouter.OpenRouterTests" name="test_openrouter_request_keeps_dsl_only_payload" time="0.001" /><testcase classname="tests.test_outbox.OutboxTests" name="test_outbox_publishes_only_after_authoritative_commit" time="0.003" /></testsuite></testsuites>